Determining if the pthread_create exist failed with the following output:
Change Dir: /home/allahbaksh/Documents/blackwater/CMakeFiles/CMakeTmp

Run Build Command:"/usr/bin/make" "cmTC_bbc4b/fast"
/usr/bin/make -f CMakeFiles/cmTC_bbc4b.dir/build.make CMakeFiles/cmTC_bbc4b.dir/build
make[1]: Entering directory '/home/allahbaksh/Documents/blackwater/CMakeFiles/CMakeTmp'
Building C object CMakeFiles/cmTC_bbc4b.dir/CheckSymbolExists.c.o
/usr/bin/cc    -o CMakeFiles/cmTC_bbc4b.dir/CheckSymbolExists.c.o   -c /home/allahbaksh/Documents/blackwater/CMakeFiles/CMakeTmp/CheckSymbolExists.c
Linking C executable cmTC_bbc4b
/usr/bin/cmake -E cmake_link_script CMakeFiles/cmTC_bbc4b.dir/link.txt --verbose=1
/usr/bin/cc      CMakeFiles/cmTC_bbc4b.dir/CheckSymbolExists.c.o  -o cmTC_bbc4b 
CMakeFiles/cmTC_bbc4b.dir/CheckSymbolExists.c.o: In function `main':
CheckSymbolExists.c:(.text+0x1b): undefined reference to `pthread_create'
collect2: error: ld returned 1 exit status
CMakeFiles/cmTC_bbc4b.dir/build.make:97: recipe for target 'cmTC_bbc4b' failed
make[1]: *** [cmTC_bbc4b] Error 1
make[1]: Leaving directory '/home/allahbaksh/Documents/blackwater/CMakeFiles/CMakeTmp'
Makefile:126: recipe for target 'cmTC_bbc4b/fast' failed
make: *** [cmTC_bbc4b/fast] Error 2

File /home/allahbaksh/Documents/blackwater/CMakeFiles/CMakeTmp/CheckSymbolExists.c:
/* */
#include <pthread.h>

int main(int argc, char** argv)
{
  (void)argv;
#ifndef pthread_create
  return ((int*)(&pthread_create))[argc];
#else
  (void)argc;
  return 0;
#endif
}

Determining if the function pthread_create exists in the pthreads failed with the following output:
Change Dir: /home/allahbaksh/Documents/blackwater/CMakeFiles/CMakeTmp

Run Build Command:"/usr/bin/make" "cmTC_c175e/fast"
/usr/bin/make -f CMakeFiles/cmTC_c175e.dir/build.make CMakeFiles/cmTC_c175e.dir/build
make[1]: Entering directory '/home/allahbaksh/Documents/blackwater/CMakeFiles/CMakeTmp'
Building C object CMakeFiles/cmTC_c175e.dir/CheckFunctionExists.c.o
/usr/bin/cc   -DCHECK_FUNCTION_EXISTS=pthread_create   -o CMakeFiles/cmTC_c175e.dir/CheckFunctionExists.c.o   -c /usr/share/cmake-3.10/Modules/CheckFunctionExists.c
Linking C executable cmTC_c175e
/usr/bin/cmake -E cmake_link_script CMakeFiles/cmTC_c175e.dir/link.txt --verbose=1
/usr/bin/cc  -DCHECK_FUNCTION_EXISTS=pthread_create    CMakeFiles/cmTC_c175e.dir/CheckFunctionExists.c.o  -o cmTC_c175e -lpthreads 
/usr/bin/x86_64-linux-gnu-ld: cannot find -lpthreads
collect2: error: ld returned 1 exit status
CMakeFiles/cmTC_c175e.dir/build.make:97: recipe for target 'cmTC_c175e' failed
make[1]: *** [cmTC_c175e] Error 1
make[1]: Leaving directory '/home/allahbaksh/Documents/blackwater/CMakeFiles/CMakeTmp'
Makefile:126: recipe for target 'cmTC_c175e/fast' failed
make: *** [cmTC_c175e/fast] Error 2


Determining if the pthread_create exist failed with the following output:
Change Dir: /home/allahbaksh/Documents/blackwater/CMakeFiles/CMakeTmp

Run Build Command:"/usr/bin/make" "cmTC_a6c61/fast"
/usr/bin/make -f CMakeFiles/cmTC_a6c61.dir/build.make CMakeFiles/cmTC_a6c61.dir/build
make[1]: Entering directory '/home/allahbaksh/Documents/blackwater/CMakeFiles/CMakeTmp'
Building C object CMakeFiles/cmTC_a6c61.dir/CheckSymbolExists.c.o
/usr/bin/cc    -o CMakeFiles/cmTC_a6c61.dir/CheckSymbolExists.c.o   -c /home/allahbaksh/Documents/blackwater/CMakeFiles/CMakeTmp/CheckSymbolExists.c
Linking C executable cmTC_a6c61
/usr/bin/cmake -E cmake_link_script CMakeFiles/cmTC_a6c61.dir/link.txt --verbose=1
/usr/bin/cc      CMakeFiles/cmTC_a6c61.dir/CheckSymbolExists.c.o  -o cmTC_a6c61 
CMakeFiles/cmTC_a6c61.dir/CheckSymbolExists.c.o: In function `main':
CheckSymbolExists.c:(.text+0x1b): undefined reference to `pthread_create'
collect2: error: ld returned 1 exit status
CMakeFiles/cmTC_a6c61.dir/build.make:97: recipe for target 'cmTC_a6c61' failed
make[1]: *** [cmTC_a6c61] Error 1
make[1]: Leaving directory '/home/allahbaksh/Documents/blackwater/CMakeFiles/CMakeTmp'
Makefile:126: recipe for target 'cmTC_a6c61/fast' failed
make: *** [cmTC_a6c61/fast] Error 2

File /home/allahbaksh/Documents/blackwater/CMakeFiles/CMakeTmp/CheckSymbolExists.c:
/* */
#include <pthread.h>

int main(int argc, char** argv)
{
  (void)argv;
#ifndef pthread_create
  return ((int*)(&pthread_create))[argc];
#else
  (void)argc;
  return 0;
#endif
}

Determining if the function pthread_create exists in the pthreads failed with the following output:
Change Dir: /home/allahbaksh/Documents/blackwater/CMakeFiles/CMakeTmp

Run Build Command:"/usr/bin/make" "cmTC_99f0a/fast"
/usr/bin/make -f CMakeFiles/cmTC_99f0a.dir/build.make CMakeFiles/cmTC_99f0a.dir/build
make[1]: Entering directory '/home/allahbaksh/Documents/blackwater/CMakeFiles/CMakeTmp'
Building C object CMakeFiles/cmTC_99f0a.dir/CheckFunctionExists.c.o
/usr/bin/cc   -DCHECK_FUNCTION_EXISTS=pthread_create   -o CMakeFiles/cmTC_99f0a.dir/CheckFunctionExists.c.o   -c /usr/share/cmake-3.10/Modules/CheckFunctionExists.c
Linking C executable cmTC_99f0a
/usr/bin/cmake -E cmake_link_script CMakeFiles/cmTC_99f0a.dir/link.txt --verbose=1
/usr/bin/cc  -DCHECK_FUNCTION_EXISTS=pthread_create    CMakeFiles/cmTC_99f0a.dir/CheckFunctionExists.c.o  -o cmTC_99f0a -lpthreads 
/usr/bin/x86_64-linux-gnu-ld: cannot find -lpthreads
collect2: error: ld returned 1 exit status
CMakeFiles/cmTC_99f0a.dir/build.make:97: recipe for target 'cmTC_99f0a' failed
make[1]: *** [cmTC_99f0a] Error 1
make[1]: Leaving directory '/home/allahbaksh/Documents/blackwater/CMakeFiles/CMakeTmp'
Makefile:126: recipe for target 'cmTC_99f0a/fast' failed
make: *** [cmTC_99f0a/fast] Error 2


